#
# A fatal error has been detected by the Java Runtime Environment:
#
#  EXCEPTION_ACCESS_VIOLATION (0xc0000005) at pc=0x000000005efe4ea0, pid=4932, tid=10288
#
# JRE version: Java(TM) SE Runtime Environment (9.0+181) (build 9+181)
# Java VM: Java HotSpot(TM) 64-Bit Server VM (9+181, mixed mode, tiered, compressed oops, g1 gc, windows-amd64)
# Problematic frame:
# V  [jvm.dll+0xb4ea0]
#
# No core dump will be written. Minidumps are not enabled by default on client versions of Windows
#
# If you would like to submit a bug report, please visit:
#   http://bugreport.java.com/bugreport/crash.jsp
#

---------------  S U M M A R Y ------------

Command Line: -Dclassworlds.conf=C:\Program Files\Maven\apache-maven-3.5.4\bin\..\bin\m2.conf -Dmaven.home=C:\Program Files\Maven\apache-maven-3.5.4\bin\.. -Dlibrary.jansi.path=C:\Program Files\Maven\apache-maven-3.5.4\bin\..\lib\jansi-native -Dmaven.multiModuleProjectDirectory=D:\git\workhard org.codehaus.plexus.classworlds.launcher.Launcher -e deploy

Host: Intel(R) Core(TM) i5-2410M CPU @ 2.30GHz, 4 cores, 7G,  Windows 10 , 64 bit Build 17134 (10.0.17134.1)
Time: Tue Feb 05 17:55:00 2019 FLE Standard Time elapsed time: 4 seconds (0d 0h 0m 4s)

---------------  T H R E A D  ---------------

Current thread (0x00000182c5d6a000):  GCTaskThread "GC Thread#2" [stack: 0x0000004307800000,0x0000004307900000] [id=10288]

Stack: [0x0000004307800000,0x0000004307900000],  sp=0x00000043078ff568,  free space=1021k
Native frames: (J=compiled Java code, j=interpreted, Vv=VM code, C=native code)
V  [jvm.dll+0xb4ea0]


siginfo: EXCEPTION_ACCESS_VIOLATION (0xc0000005), reading address 0x0000000000008c28


Register to memory mapping:

RIP=0x000000005efe4ea0 jvm.dll
RAX=0x0000000000000001 is an unknown value
RBX=0x0000000000000000 is an unknown value
RCX=
[error occurred during error reporting (printing register info), id 0xc0000005]

Registers:
RAX=0x0000000000000001, RBX=0x0000000000000000, RCX=0x0000000084f2b838, RDX=0x0000000000008c20
RSP=0x00000043078ff568, RBP=0x0000000000000009, RSI=0x00000182ea097070, RDI=0x0000000080c5a5c4
R8 =0x0000000084f2b838, R9 =0x0000000000000009, R10=0x000000000000000c, R11=0x0000000080c5c480
R12=0x00000182c5d5ab40, R13=0x0000000000000000, R14=0x00000182c5d703a8, R15=0x0000000084f2b838
RIP=0x000000005efe4ea0, EFLAGS=0x0000000000010202

Top of Stack: (sp=0x00000043078ff568)
0x00000043078ff568:   000000005f1fe42e 0000000000000002
0x00000043078ff578:   00000182ea097070 00000182ea097070
0x00000043078ff588:   0000000080c5a6a8 0000000100005ab0
0x00000043078ff598:   000000005f1f4618 00000a100000021c
0x00000043078ff5a8:   000000005f1fd3da 00000a0f00000003
0x00000043078ff5b8:   0000000000000009 0000000080c5c4b4
0x00000043078ff5c8:   0000000000000000 00000182c5d703a8
0x00000043078ff5d8:   0000000000000000 00000182c5d5ab40
0x00000043078ff5e8:   00000182ea097070 00000182c5e01060
0x00000043078ff5f8:   000000005f1d858e 0000000000000002
0x00000043078ff608:   0000000000000001 00000000000042dd
0x00000043078ff618:   0000000000000000 00000182c5d703a0
0x00000043078ff628:   000000005f1fef6b 000000000000022b
0x00000043078ff638:   0000000000000003 00000182ea097070
0x00000043078ff648:   0000000000000009 0000000080a6d7e0
0x00000043078ff658:   00000182c5d37ca0 00000a0f0000021c 

Instructions: (pc=0x000000005efe4ea0)
0x000000005efe4e80:   85 00 e9 19 00 00 00 48 8b 51 08 48 8b c8 e9 0d
0x000000005efe4e90:   00 00 00 cc cc cc cc cc cc cc cc cc cc cc cc cc
0x000000005efe4ea0:   44 8b 42 08 4c 8b ca 45 85 c0 7e 0e 41 f6 c0 01
0x000000005efe4eb0:   75 57 41 c1 f8 03 41 8b c0 c3 79 4d 80 3d 52 7b 



---------------  P R O C E S S  ---------------

Java Threads: ( => current thread )
  0x00000182e95dd000 JavaThread "Service Thread" daemon [_thread_blocked, id=11032, stack(0x0000004308b00000,0x0000004308c00000)]
  0x00000182e93f6800 JavaThread "Common-Cleaner" daemon [_thread_blocked, id=5976, stack(0x0000004308a00000,0x0000004308b00000)]
  0x00000182e935f000 JavaThread "Sweeper thread" daemon [_thread_blocked, id=10560, stack(0x0000004308900000,0x0000004308a00000)]
  0x00000182e934d000 JavaThread "C1 CompilerThread2" daemon [_thread_blocked, id=5552, stack(0x0000004308800000,0x0000004308900000)]
  0x00000182e9348000 JavaThread "C2 CompilerThread1" daemon [_thread_blocked, id=12300, stack(0x0000004308700000,0x0000004308800000)]
  0x00000182e9342000 JavaThread "C2 CompilerThread0" daemon [_thread_in_native, id=8684, stack(0x0000004308600000,0x0000004308700000)]
  0x00000182e9341000 JavaThread "Attach Listener" daemon [_thread_blocked, id=9560, stack(0x0000004308500000,0x0000004308600000)]
  0x00000182e9340800 JavaThread "Signal Dispatcher" daemon [_thread_blocked, id=1136, stack(0x0000004308400000,0x0000004308500000)]
  0x00000182e92f5800 JavaThread "Finalizer" daemon [_thread_blocked, id=12904, stack(0x0000004308300000,0x0000004308400000)]
  0x00000182e92e4000 JavaThread "Reference Handler" daemon [_thread_blocked, id=3788, stack(0x0000004308200000,0x0000004308300000)]
  0x00000182c5d4f000 JavaThread "main" [_thread_blocked, id=13548, stack(0x0000004307500000,0x0000004307600000)]

Other Threads:
  0x00000182e92df000 VMThread "VM Thread" [stack: 0x0000004308100000,0x0000004308200000] [id=15680]
  0x00000182e9621800 WatcherThread [stack: 0x0000004308c00000,0x0000004308d00000] [id=12688]
  0x00000182c5d67000 GCTaskThread "GC Thread#0" [stack: 0x0000004307600000,0x0000004307700000] [id=16128]
  0x00000182c5d68800 GCTaskThread "GC Thread#1" [stack: 0x0000004307700000,0x0000004307800000] [id=11780]
=>0x00000182c5d6a000 GCTaskThread "GC Thread#2" [stack: 0x0000004307800000,0x0000004307900000] [id=10288]
  0x00000182c5d6d800 GCTaskThread "GC Thread#3" [stack: 0x0000004307900000,0x0000004307a00000] [id=15196]
  0x00000182c5df6000 ConcurrentGCThread "G1 Main Marker" [stack: 0x0000004307f00000,0x0000004308000000] [id=6124]
  0x00000182c5df8000 ConcurrentGCThread "G1 Marker#0" [stack: 0x0000004308000000,0x0000004308100000] [id=6620]
  0x00000182c5d86800 ConcurrentGCThread "G1 Refine#0" [stack: 0x0000004307d00000,0x0000004307e00000] [id=14480]
  0x00000182c5d7b000 ConcurrentGCThread "G1 Refine#1" [stack: 0x0000004307c00000,0x0000004307d00000] [id=14908]
  0x00000182c5d75800 ConcurrentGCThread "G1 Refine#2" [stack: 0x0000004307b00000,0x0000004307c00000] [id=9056]
  0x00000182c5d71800 ConcurrentGCThread "G1 Refine#3" [stack: 0x0000004307a00000,0x0000004307b00000] [id=10496]
  0x00000182c5d8e000 ConcurrentGCThread "G1 Young RemSet Sampling" [stack: 0x0000004307e00000,0x0000004307f00000] [id=7416]

Threads with active compile tasks:
C2 CompilerThread12933   !   4       org.apache.maven.model.interpolation.StringSearchModelInterpolator$InterpolateObjectAction$MapField::doInterpolate (161 bytes)
C2 CompilerThread02894   !   4       org.codehaus.plexus.interpolation.StringSearchInterpolator::interpolate (650 bytes)

VM state:at safepoint (normal execution)

VM Mutex/Monitor currently owned by a thread:  ([mutex/lock_event])
[0x00000182c5d4c890] Threads_lock - owner thread: 0x00000182e92df000
[0x00000182c5d4da00] Heap_lock - owner thread: 0x00000182c5d4f000

Heap address: 0x0000000080400000, size: 2044 MB, Compressed Oops mode: 32-bit
Narrow klass base: 0x0000000000000000, Narrow klass shift: 3
Compressed class space size: 1073741824 Address: 0x0000000100000000

Heap:
 garbage-first heap   total 131072K, used 63575K [0x0000000080400000, 0x0000000080500400, 0x0000000100000000)
  region size 1024K, 53 young (54272K), 4 survivors (4096K)
 Metaspace       used 20627K, capacity 21090K, committed 21296K, reserved 1069056K
  class space    used 2235K, capacity 2381K, committed 2432K, reserved 1048576K
Heap Regions: E=young(eden), S=young(survivor), O=old, HS=humongous(starts), HC=humongous(continues), CS=collection set, F=free, A=archive, TS=gc time stamp, AC=allocation context, TAMS=top-at-mark-start (previous, next)
|   0|0x0000000080400000, 0x0000000080500000, 0x0000000080500000|100%| O|  |TS  1|AC  0|TAMS 0x0000000080400000, 0x0000000080500000|
|   1|0x0000000080500000, 0x0000000080600000, 0x0000000080600000|100%| O|  |TS  1|AC  0|TAMS 0x0000000080500000, 0x0000000080600000|
|   2|0x0000000080600000, 0x0000000080700000, 0x0000000080700000|100%| O|  |TS  3|AC  0|TAMS 0x0000000080600000, 0x0000000080700000|
|   3|0x0000000080700000, 0x0000000080800000, 0x0000000080800000|100%| O|  |TS  3|AC  0|TAMS 0x0000000080700000, 0x0000000080800000|
|   4|0x0000000080800000, 0x0000000080900000, 0x0000000080900000|100%| O|  |TS  7|AC  0|TAMS 0x0000000080800000, 0x0000000080900000|
|   5|0x0000000080900000, 0x0000000080a00000, 0x0000000080a00000|100%| O|  |TS  7|AC  0|TAMS 0x0000000080900000, 0x0000000080a00000|
|   6|0x0000000080a00000, 0x0000000080b00000, 0x0000000080b00000|100%| O|  |TS  9|AC  0|TAMS 0x0000000080a00000, 0x0000000080b00000|
|   7|0x0000000080b00000, 0x0000000080c00000, 0x0000000080c00000|100%| O|  |TS  9|AC  0|TAMS 0x0000000080b00000, 0x0000000080c00000|
|   8|0x0000000080c00000, 0x0000000080d00000, 0x0000000080d00000|100%| O|  |TS  9|AC  0|TAMS 0x0000000080c00000, 0x0000000080d00000|
|   9|0x0000000080d00000, 0x0000000080d31188, 0x0000000080e00000| 19%| O|  |TS  9|AC  0|TAMS 0x0000000080d00000, 0x0000000080e00000|
|  10|0x0000000080e00000, 0x0000000080e00000, 0x0000000080f00000|  0%| F|  |TS  0|AC  0|TAMS 0x0000000080e00000, 0x0000000080e00000|
|  11|0x0000000080f00000, 0x0000000080f00000, 0x0000000081000000|  0%| F|  |TS  0|AC  0|TAMS 0x0000000080f00000, 0x0000000080f00000|
|  12|0x0000000081000000, 0x0000000081000000, 0x0000000081100000|  0%| F|  |TS  0|AC  0|TAMS 0x0000000081000000, 0x0000000081000000|
|  13|0x0000000081100000, 0x0000000081100000, 0x0000000081200000|  0%| F|  |TS  0|AC  0|TAMS 0x0000000081100000, 0x0000000081100000|
|  14|0x0000000081200000, 0x0000000081200000, 0x0000000081300000|  0%| F|  |TS  0|AC  0|TAMS 0x0000000081200000, 0x0000000081200000|
|  15|0x0000000081300000, 0x0000000081300000, 0x0000000081400000|  0%| F|  |TS  0|AC  0|TAMS 0x0000000081300000, 0x0000000081300000|
|  16|0x0000000081400000, 0x0000000081400000, 0x0000000081500000|  0%| F|  |TS  0|AC  0|TAMS 0x0000000081400000, 0x0000000081400000|
|  17|0x0000000081500000, 0x0000000081500000, 0x0000000081600000|  0%| F|  |TS  0|AC  0|TAMS 0x0000000081500000, 0x0000000081500000|
|  18|0x0000000081600000, 0x0000000081600000, 0x0000000081700000|  0%| F|  |TS  0|AC  0|TAMS 0x0000000081600000, 0x0000000081600000|
|  19|0x0000000081700000, 0x0000000081700000, 0x0000000081800000|  0%| F|  |TS  0|AC  0|TAMS 0x0000000081700000, 0x0000000081700000|
|  20|0x0000000081800000, 0x0000000081800000, 0x0000000081900000|  0%| F|  |TS  0|AC  0|TAMS 0x0000000081800000, 0x0000000081800000|
|  21|0x0000000081900000, 0x0000000081900000, 0x0000000081a00000|  0%| F|  |TS  0|AC  0|TAMS 0x0000000081900000, 0x0000000081900000|
|  22|0x0000000081a00000, 0x0000000081a00000, 0x0000000081b00000|  0%| F|  |TS  0|AC  0|TAMS 0x0000000081a00000, 0x0000000081a00000|
|  23|0x0000000081b00000, 0x0000000081b00000, 0x0000000081c00000|  0%| F|  |TS  0|AC  0|TAMS 0x0000000081b00000, 0x0000000081b00000|
|  24|0x0000000081c00000, 0x0000000081c00000, 0x0000000081d00000|  0%| F|  |TS  0|AC  0|TAMS 0x0000000081c00000, 0x0000000081c00000|
|  25|0x0000000081d00000, 0x0000000081d00000, 0x0000000081e00000|  0%| F|  |TS  0|AC  0|TAMS 0x0000000081d00000, 0x0000000081d00000|
|  26|0x0000000081e00000, 0x0000000081e00000, 0x0000000081f00000|  0%| F|  |TS  0|AC  0|TAMS 0x0000000081e00000, 0x0000000081e00000|
|  27|0x0000000081f00000, 0x0000000081f00000, 0x0000000082000000|  0%| F|  |TS  0|AC  0|TAMS 0x0000000081f00000, 0x0000000081f00000|
|  28|0x0000000082000000, 0x0000000082000000, 0x0000000082100000|  0%| F|  |TS  0|AC  0|TAMS 0x0000000082000000, 0x0000000082000000|
|  29|0x0000000082100000, 0x0000000082100000, 0x0000000082200000|  0%| F|  |TS  0|AC  0|TAMS 0x0000000082100000, 0x0000000082100000|
|  30|0x0000000082200000, 0x0000000082200000, 0x0000000082300000|  0%| F|  |TS  0|AC  0|TAMS 0x0000000082200000, 0x0000000082200000|
|  31|0x0000000082300000, 0x0000000082300000, 0x0000000082400000|  0%| F|  |TS  0|AC  0|TAMS 0x0000000082300000, 0x0000000082300000|
|  32|0x0000000082400000, 0x0000000082400000, 0x0000000082500000|  0%| F|  |TS  0|AC  0|TAMS 0x0000000082400000, 0x0000000082400000|
|  33|0x0000000082500000, 0x0000000082500000, 0x0000000082600000|  0%| F|  |TS  0|AC  0|TAMS 0x0000000082500000, 0x0000000082500000|
|  34|0x0000000082600000, 0x0000000082600000, 0x0000000082700000|  0%| F|  |TS  0|AC  0|TAMS 0x0000000082600000, 0x0000000082600000|
|  35|0x0000000082700000, 0x0000000082700000, 0x0000000082800000|  0%| F|  |TS  0|AC  0|TAMS 0x0000000082700000, 0x0000000082700000|
|  36|0x0000000082800000, 0x0000000082800000, 0x0000000082900000|  0%| F|  |TS  0|AC  0|TAMS 0x0000000082800000, 0x0000000082800000|
|  37|0x0000000082900000, 0x0000000082900000, 0x0000000082a00000|  0%| F|  |TS  0|AC  0|TAMS 0x0000000082900000, 0x0000000082900000|
|  38|0x0000000082a00000, 0x0000000082a00000, 0x0000000082b00000|  0%| F|  |TS  0|AC  0|TAMS 0x0000000082a00000, 0x0000000082a00000|
|  39|0x0000000082b00000, 0x0000000082b00000, 0x0000000082c00000|  0%| F|  |TS  0|AC  0|TAMS 0x0000000082b00000, 0x0000000082b00000|
|  40|0x0000000082c00000, 0x0000000082c00000, 0x0000000082d00000|  0%| F|  |TS  0|AC  0|TAMS 0x0000000082c00000, 0x0000000082c00000|
|  41|0x0000000082d00000, 0x0000000082d00000, 0x0000000082e00000|  0%| F|  |TS  0|AC  0|TAMS 0x0000000082d00000, 0x0000000082d00000|
|  42|0x0000000082e00000, 0x0000000082e00000, 0x0000000082f00000|  0%| F|  |TS  0|AC  0|TAMS 0x0000000082e00000, 0x0000000082e00000|
|  43|0x0000000082f00000, 0x0000000082f00000, 0x0000000083000000|  0%| F|  |TS  0|AC  0|TAMS 0x0000000082f00000, 0x0000000082f00000|
|  44|0x0000000083000000, 0x0000000083000000, 0x0000000083100000|  0%| F|  |TS  0|AC  0|TAMS 0x0000000083000000, 0x0000000083000000|
|  45|0x0000000083100000, 0x0000000083100000, 0x0000000083200000|  0%| F|  |TS  0|AC  0|TAMS 0x0000000083100000, 0x0000000083100000|
|  46|0x0000000083200000, 0x0000000083200000, 0x0000000083300000|  0%| F|  |TS  0|AC  0|TAMS 0x0000000083200000, 0x0000000083200000|
|  47|0x0000000083300000, 0x0000000083300000, 0x0000000083400000|  0%| F|  |TS  0|AC  0|TAMS 0x0000000083300000, 0x0000000083300000|
|  48|0x0000000083400000, 0x0000000083400000, 0x0000000083500000|  0%| F|  |TS  0|AC  0|TAMS 0x0000000083400000, 0x0000000083400000|
|  49|0x0000000083500000, 0x0000000083500000, 0x0000000083600000|  0%| F|  |TS  0|AC  0|TAMS 0x0000000083500000, 0x0000000083500000|
|  50|0x0000000083600000, 0x0000000083600000, 0x0000000083700000|  0%| F|  |TS  0|AC  0|TAMS 0x0000000083600000, 0x0000000083600000|
|  51|0x0000000083700000, 0x0000000083700000, 0x0000000083800000|  0%| F|  |TS  0|AC  0|TAMS 0x0000000083700000, 0x0000000083700000|
|  52|0x0000000083800000, 0x0000000083800000, 0x0000000083900000|  0%| F|  |TS  0|AC  0|TAMS 0x0000000083800000, 0x0000000083800000|
|  53|0x0000000083900000, 0x0000000083900000, 0x0000000083a00000|  0%| F|  |TS  0|AC  0|TAMS 0x0000000083900000, 0x0000000083900000|
|  54|0x0000000083a00000, 0x0000000083a00000, 0x0000000083b00000|  0%| F|  |TS  0|AC  0|TAMS 0x0000000083a00000, 0x0000000083a00000|
|  55|0x0000000083b00000, 0x0000000083b00000, 0x0000000083c00000|  0%| F|  |TS  0|AC  0|TAMS 0x0000000083b00000, 0x0000000083b00000|
|  56|0x0000000083c00000, 0x0000000083c00000, 0x0000000083d00000|  0%| F|  |TS  0|AC  0|TAMS 0x0000000083c00000, 0x0000000083c00000|
|  57|0x0000000083d00000, 0x0000000083d00000, 0x0000000083e00000|  0%| F|  |TS  0|AC  0|TAMS 0x0000000083d00000, 0x0000000083d00000|
|  58|0x0000000083e00000, 0x0000000083e00000, 0x0000000083f00000|  0%| F|  |TS  0|AC  0|TAMS 0x0000000083e00000, 0x0000000083e00000|
|  59|0x0000000083f00000, 0x0000000083f00000, 0x0000000084000000|  0%| F|  |TS  0|AC  0|TAMS 0x0000000083f00000, 0x0000000083f00000|
|  60|0x0000000084000000, 0x0000000084000000, 0x0000000084100000|  0%| F|  |TS  0|AC  0|TAMS 0x0000000084000000, 0x0000000084000000|
|  61|0x0000000084100000, 0x0000000084100000, 0x0000000084200000|  0%| F|  |TS  0|AC  0|TAMS 0x0000000084100000, 0x0000000084100000|
|  62|0x0000000084200000, 0x0000000084200000, 0x0000000084300000|  0%| F|  |TS  0|AC  0|TAMS 0x0000000084200000, 0x0000000084200000|
|  63|0x0000000084300000, 0x0000000084300000, 0x0000000084400000|  0%| F|  |TS  0|AC  0|TAMS 0x0000000084300000, 0x0000000084300000|
|  64|0x0000000084400000, 0x0000000084400000, 0x0000000084500000|  0%| F|  |TS  0|AC  0|TAMS 0x0000000084400000, 0x0000000084400000|
|  65|0x0000000084500000, 0x0000000084500000, 0x0000000084600000|  0%| F|  |TS  0|AC  0|TAMS 0x0000000084500000, 0x0000000084500000|
|  66|0x0000000084600000, 0x0000000084600000, 0x0000000084700000|  0%| F|  |TS  0|AC  0|TAMS 0x0000000084600000, 0x0000000084600000|
|  67|0x0000000084700000, 0x0000000084700000, 0x0000000084800000|  0%| F|  |TS  0|AC  0|TAMS 0x0000000084700000, 0x0000000084700000|
|  68|0x0000000084800000, 0x0000000084887240, 0x0000000084900000| 52%| S|  |TS  9|AC  0|TAMS 0x0000000084800000, 0x0000000084800000|
|  69|0x0000000084900000, 0x0000000084a00000, 0x0000000084a00000|100%| S|  |TS  9|AC  0|TAMS 0x0000000084900000, 0x0000000084900000|
|  70|0x0000000084a00000, 0x0000000084b00000, 0x0000000084b00000|100%| S|  |TS  9|AC  0|TAMS 0x0000000084a00000, 0x0000000084a00000|
|  71|0x0000000084b00000, 0x0000000084c00000, 0x0000000084c00000|100%| E|CS|TS  7|AC  0|TAMS 0x0000000084b00000, 0x0000000084c00000|
|  72|0x0000000084c00000, 0x0000000084d00000, 0x0000000084d00000|100%| E|CS|TS  7|AC  0|TAMS 0x0000000084c00000, 0x0000000084d00000|
|  73|0x0000000084d00000, 0x0000000084e00000, 0x0000000084e00000|100%| E|CS|TS  7|AC  0|TAMS 0x0000000084d00000, 0x0000000084e00000|
|  74|0x0000000084e00000, 0x0000000084f00000, 0x0000000084f00000|100%| E|CS|TS  7|AC  0|TAMS 0x0000000084e00000, 0x0000000084f00000|
|  75|0x0000000084f00000, 0x0000000085000000, 0x0000000085000000|100%| E|CS|TS  7|AC  0|TAMS 0x0000000084f00000, 0x0000000085000000|
|  76|0x0000000085000000, 0x0000000085100000, 0x0000000085100000|100%| E|CS|TS  7|AC  0|TAMS 0x0000000085000000, 0x0000000085100000|
|  77|0x0000000085100000, 0x0000000085200000, 0x0000000085200000|100%| E|CS|TS  7|AC  0|TAMS 0x0000000085100000, 0x0000000085200000|
|  78|0x0000000085200000, 0x0000000085300000, 0x0000000085300000|100%| S|  |TS  9|AC  0|TAMS 0x0000000085200000, 0x0000000085200000|
|  79|0x0000000085300000, 0x0000000085400000, 0x0000000085400000|100%| E|CS|TS  7|AC  0|TAMS 0x0000000085300000, 0x0000000085400000|
|  80|0x0000000085400000, 0x0000000085500000, 0x0000000085500000|100%| E|CS|TS  7|AC  0|TAMS 0x0000000085400000, 0x0000000085500000|
|  81|0x0000000085500000, 0x0000000085600000, 0x0000000085600000|100%| E|CS|TS  7|AC  0|TAMS 0x0000000085500000, 0x0000000085600000|
|  82|0x0000000085600000, 0x0000000085700000, 0x0000000085700000|100%| E|CS|TS  7|AC  0|TAMS 0x0000000085600000, 0x0000000085700000|
|  83|0x0000000085700000, 0x0000000085800000, 0x0000000085800000|100%| E|CS|TS  7|AC  0|TAMS 0x0000000085700000, 0x0000000085800000|
|  84|0x0000000085800000, 0x0000000085900000, 0x0000000085900000|100%| E|CS|TS  7|AC  0|TAMS 0x0000000085800000, 0x0000000085900000|
|  85|0x0000000085900000, 0x0000000085a00000, 0x0000000085a00000|100%| E|CS|TS  7|AC  0|TAMS 0x0000000085900000, 0x0000000085a00000|
|  86|0x0000000085a00000, 0x0000000085b00000, 0x0000000085b00000|100%| E|CS|TS  7|AC  0|TAMS 0x0000000085a00000, 0x0000000085b00000|
|  87|0x0000000085b00000, 0x0000000085c00000, 0x0000000085c00000|100%| E|CS|TS  7|AC  0|TAMS 0x0000000085b00000, 0x0000000085c00000|
|  88|0x0000000085c00000, 0x0000000085d00000, 0x0000000085d00000|100%| E|CS|TS  7|AC  0|TAMS 0x0000000085c00000, 0x0000000085d00000|
|  89|0x0000000085d00000, 0x0000000085e00000, 0x0000000085e00000|100%| E|CS|TS  7|AC  0|TAMS 0x0000000085d00000, 0x0000000085e00000|
|  90|0x0000000085e00000, 0x0000000085f00000, 0x0000000085f00000|100%| E|CS|TS  7|AC  0|TAMS 0x0000000085e00000, 0x0000000085f00000|
|  91|0x0000000085f00000, 0x0000000086000000, 0x0000000086000000|100%| E|CS|TS  7|AC  0|TAMS 0x0000000085f00000, 0x0000000086000000|
|  92|0x0000000086000000, 0x0000000086100000, 0x0000000086100000|100%| E|CS|TS  7|AC  0|TAMS 0x0000000086000000, 0x0000000086100000|
|  93|0x0000000086100000, 0x0000000086200000, 0x0000000086200000|100%| E|CS|TS  7|AC  0|TAMS 0x0000000086100000, 0x0000000086200000|
|  94|0x0000000086200000, 0x0000000086300000, 0x0000000086300000|100%| E|CS|TS  7|AC  0|TAMS 0x0000000086200000, 0x0000000086300000|
|  95|0x0000000086300000, 0x0000000086400000, 0x0000000086400000|100%| E|CS|TS  7|AC  0|TAMS 0x0000000086300000, 0x0000000086400000|
|  96|0x0000000086400000, 0x0000000086500000, 0x0000000086500000|100%| E|CS|TS  7|AC  0|TAMS 0x0000000086400000, 0x0000000086500000|
|  97|0x0000000086500000, 0x0000000086600000, 0x0000000086600000|100%| E|CS|TS  7|AC  0|TAMS 0x0000000086500000, 0x0000000086600000|
|  98|0x0000000086600000, 0x0000000086700000, 0x0000000086700000|100%| E|CS|TS  7|AC  0|TAMS 0x0000000086600000, 0x0000000086700000|
|  99|0x0000000086700000, 0x0000000086800000, 0x0000000086800000|100%| E|CS|TS  7|AC  0|TAMS 0x0000000086700000, 0x0000000086800000|
| 100|0x0000000086800000, 0x0000000086900000, 0x0000000086900000|100%| E|CS|TS  7|AC  0|TAMS 0x0000000086800000, 0x0000000086900000|
| 101|0x0000000086900000, 0x0000000086a00000, 0x0000000086a00000|100%| E|CS|TS  7|AC  0|TAMS 0x0000000086900000, 0x0000000086a00000|
| 102|0x0000000086a00000, 0x0000000086b00000, 0x0000000086b00000|100%| E|CS|TS  7|AC  0|TAMS 0x0000000086a00000, 0x0000000086b00000|
| 103|0x0000000086b00000, 0x0000000086c00000, 0x0000000086c00000|100%| E|CS|TS  7|AC  0|TAMS 0x0000000086b00000, 0x0000000086c00000|
| 104|0x0000000086c00000, 0x0000000086d00000, 0x0000000086d00000|100%| E|CS|TS  7|AC  0|TAMS 0x0000000086c00000, 0x0000000086d00000|
| 105|0x0000000086d00000, 0x0000000086e00000, 0x0000000086e00000|100%| E|CS|TS  7|AC  0|TAMS 0x0000000086d00000, 0x0000000086e00000|
| 106|0x0000000086e00000, 0x0000000086f00000, 0x0000000086f00000|100%| E|CS|TS  7|AC  0|TAMS 0x0000000086e00000, 0x0000000086f00000|
| 107|0x0000000086f00000, 0x0000000087000000, 0x0000000087000000|100%| E|CS|TS  7|AC  0|TAMS 0x0000000086f00000, 0x0000000087000000|
| 108|0x0000000087000000, 0x0000000087100000, 0x0000000087100000|100%| E|CS|TS  7|AC  0|TAMS 0x0000000087000000, 0x0000000087100000|
| 109|0x0000000087100000, 0x0000000087200000, 0x0000000087200000|100%| E|CS|TS  7|AC  0|TAMS 0x0000000087100000, 0x0000000087200000|
| 110|0x0000000087200000, 0x0000000087300000, 0x0000000087300000|100%| E|CS|TS  7|AC  0|TAMS 0x0000000087200000, 0x0000000087300000|
| 111|0x0000000087300000, 0x0000000087400000, 0x0000000087400000|100%| E|CS|TS  7|AC  0|TAMS 0x0000000087300000, 0x0000000087400000|
| 112|0x0000000087400000, 0x0000000087500000, 0x0000000087500000|100%| E|CS|TS  7|AC  0|TAMS 0x0000000087400000, 0x0000000087500000|
| 113|0x0000000087500000, 0x0000000087600000, 0x0000000087600000|100%| E|CS|TS  7|AC  0|TAMS 0x0000000087500000, 0x0000000087600000|
| 114|0x0000000087600000, 0x0000000087700000, 0x0000000087700000|100%| E|CS|TS  7|AC  0|TAMS 0x0000000087600000, 0x0000000087700000|
| 115|0x0000000087700000, 0x0000000087800000, 0x0000000087800000|100%| E|CS|TS  7|AC  0|TAMS 0x0000000087700000, 0x0000000087800000|
| 116|0x0000000087800000, 0x0000000087900000, 0x0000000087900000|100%| E|CS|TS  7|AC  0|TAMS 0x0000000087800000, 0x0000000087900000|
| 117|0x0000000087900000, 0x0000000087a00000, 0x0000000087a00000|100%| E|CS|TS  7|AC  0|TAMS 0x0000000087900000, 0x0000000087a00000|
| 118|0x0000000087a00000, 0x0000000087b00000, 0x0000000087b00000|100%| E|CS|TS  7|AC  0|TAMS 0x0000000087a00000, 0x0000000087b00000|
| 119|0x0000000087b00000, 0x0000000087c00000, 0x0000000087c00000|100%| E|CS|TS  7|AC  0|TAMS 0x0000000087b00000, 0x0000000087c00000|
| 120|0x0000000087c00000, 0x0000000087d00000, 0x0000000087d00000|100%| E|CS|TS  7|AC  0|TAMS 0x0000000087c00000, 0x0000000087d00000|
| 121|0x0000000087d00000, 0x0000000087e00000, 0x0000000087e00000|100%| E|CS|TS  7|AC  0|TAMS 0x0000000087d00000, 0x0000000087e00000|
| 122|0x0000000087e00000, 0x0000000087f00000, 0x0000000087f00000|100%| E|CS|TS  7|AC  0|TAMS 0x0000000087e00000, 0x0000000087f00000|
| 123|0x0000000087f00000, 0x0000000088000000, 0x0000000088000000|100%| E|CS|TS  7|AC  0|TAMS 0x0000000087f00000, 0x0000000088000000|
| 124|0x0000000088000000, 0x0000000088100000, 0x0000000088100000|100%| E|CS|TS  7|AC  0|TAMS 0x0000000088000000, 0x0000000088100000|
| 125|0x0000000088100000, 0x0000000088200000, 0x0000000088200000|100%| E|CS|TS  7|AC  0|TAMS 0x0000000088100000, 0x0000000088200000|
| 126|0x0000000088200000, 0x0000000088300000, 0x0000000088300000|100%| E|CS|TS  7|AC  0|TAMS 0x0000000088200000, 0x0000000088300000|
| 127|0x0000000088300000, 0x0000000088400000, 0x0000000088400000|100%| E|CS|TS  7|AC  0|TAMS 0x0000000088300000, 0x0000000088400000|

Card table byte_map: [0x00000182e1cd0000,0x00000182e20d0000] byte_map_base: 0x00000182e18ce000

Marking Bits (Prev, Next): (CMBitMap*) 0x00000182c5df5690, (CMBitMap*) 0x00000182c5df56c8
 Prev Bits: [0x00000182e24d0000, 0x00000182e44c0000)
 Next Bits: [0x00000182e44c0000, 0x00000182e64b0000)

Polling page: 0x00000182c5d00000

CodeHeap 'non-profiled nmethods': size=120064Kb used=1481Kb max_used=1481Kb free=118582Kb
 bounds [0x00000182d9970000, 0x00000182d9be0000, 0x00000182e0eb0000]
CodeHeap 'profiled nmethods': size=120000Kb used=6912Kb max_used=6912Kb free=113088Kb
 bounds [0x00000182d2440000, 0x00000182d2b00000, 0x00000182d9970000]
CodeHeap 'non-nmethods': size=5696Kb used=1249Kb max_used=1295Kb free=4446Kb
 bounds [0x00000182d1eb0000, 0x00000182d2120000, 0x00000182d2440000]
 total_blobs=4144 nmethods=3093 adapters=329
 compilation: enabled

Compilation events (10 events):
Event: 4.419 Thread 0x00000182e934d000 3114       2       sun.security.util.SignatureFileVerifier::isBlockOrSF (42 bytes)
Event: 4.420 Thread 0x00000182e934d000 nmethod 3114 0x00000182d2afd990 code [0x00000182d2afdb80, 0x00000182d2afde60]
Event: 4.422 Thread 0x00000182e934d000 3115       2       java.util.ArrayList::set (24 bytes)
Event: 4.423 Thread 0x00000182e934d000 nmethod 3115 0x00000182d2afe090 code [0x00000182d2afe280, 0x00000182d2afe7b0]
Event: 4.427 Thread 0x00000182e934d000 3116       2       java.util.WeakHashMap::<init> (133 bytes)
Event: 4.429 Thread 0x00000182e934d000 nmethod 3116 0x00000182d2afea10 code [0x00000182d2afeca0, 0x00000182d2aff770]
Event: 4.429 Thread 0x00000182e934d000 3117       1       jdk.internal.misc.Unsafe::getInt (7 bytes)
Event: 4.430 Thread 0x00000182e934d000 nmethod 3117 0x00000182d9ae2390 code [0x00000182d9ae2540, 0x00000182d9ae2658]
Event: 4.435 Thread 0x00000182e934d000 3118       2       java.util.WeakHashMap::<init> (9 bytes)
Event: 4.435 Thread 0x00000182e934d000 nmethod 3118 0x00000182d2affc10 code [0x00000182d2affde0, 0x00000182d2afff70]

GC Heap History (9 events):
Event: 0.876 GC heap before
{Heap before GC invocations=0 (full 0):
 garbage-first heap   total 131072K, used 14336K [0x0000000080400000, 0x0000000080500400, 0x0000000100000000)
  region size 1024K, 14 young (14336K), 0 survivors (0K)
 Metaspace       used 10097K, capacity 10380K, committed 10624K, reserved 1058816K
  class space    used 955K, capacity 1038K, committed 1152K, reserved 1048576K
}
Event: 0.884 GC heap after
{Heap after GC invocations=1 (full 0):
 garbage-first heap   total 131072K, used 4506K [0x0000000080400000, 0x0000000080500400, 0x0000000100000000)
  region size 1024K, 2 young (2048K), 2 survivors (2048K)
 Metaspace       used 10097K, capacity 10380K, committed 10624K, reserved 1058816K
  class space    used 955K, capacity 1038K, committed 1152K, reserved 1048576K
}
Event: 1.096 GC heap before
{Heap before GC invocations=1 (full 0):
 garbage-first heap   total 131072K, used 10650K [0x0000000080400000, 0x0000000080500400, 0x0000000100000000)
  region size 1024K, 8 young (8192K), 2 survivors (2048K)
 Metaspace       used 11728K, capacity 12004K, committed 12288K, reserved 1060864K
  class space    used 1189K, capacity 1278K, committed 1280K, reserved 1048576K
}
Event: 1.102 GC heap after
{Heap after GC invocations=2 (full 0):
 garbage-first heap   total 131072K, used 5989K [0x0000000080400000, 0x0000000080500400, 0x0000000100000000)
  region size 1024K, 1 young (1024K), 1 survivors (1024K)
 Metaspace       used 11728K, capacity 12004K, committed 12288K, reserved 1060864K
  class space    used 1189K, capacity 1278K, committed 1280K, reserved 1048576K
}
Event: 1.611 GC heap before
{Heap before GC invocations=2 (full 0):
 garbage-first heap   total 131072K, used 26469K [0x0000000080400000, 0x0000000080500400, 0x0000000100000000)
  region size 1024K, 21 young (21504K), 1 survivors (1024K)
 Metaspace       used 13349K, capacity 13614K, committed 13824K, reserved 1060864K
  class space    used 1389K, capacity 1471K, committed 1536K, reserved 1048576K
}
Event: 1.615 GC heap after
{Heap after GC invocations=3 (full 0):
 garbage-first heap   total 131072K, used 7556K [0x0000000080400000, 0x0000000080500400, 0x0000000100000000)
  region size 1024K, 3 young (3072K), 3 survivors (3072K)
 Metaspace       used 13349K, capacity 13614K, committed 13824K, reserved 1060864K
  class space    used 1389K, capacity 1471K, committed 1536K, reserved 1048576K
}
Event: 3.018 GC heap before
{Heap before GC invocations=3 (full 0):
 garbage-first heap   total 131072K, used 55684K [0x0000000080400000, 0x0000000080500400, 0x0000000100000000)
  region size 1024K, 50 young (51200K), 3 survivors (3072K)
 Metaspace       used 19460K, capacity 19808K, committed 20224K, reserved 1067008K
  class space    used 2118K, capacity 2238K, committed 2304K, reserved 1048576K
}
Event: 3.038 GC heap after
{Heap after GC invocations=4 (full 0):
 garbage-first heap   total 131072K, used 13399K [0x0000000080400000, 0x0000000080500400, 0x0000000100000000)
  region size 1024K, 7 young (7168K), 7 survivors (7168K)
 Metaspace       used 19460K, capacity 19808K, committed 20224K, reserved 1067008K
  class space    used 2118K, capacity 2238K, committed 2304K, reserved 1048576K
}
Event: 4.445 GC heap before
{Heap before GC invocations=4 (full 0):
 garbage-first heap   total 131072K, used 62551K [0x0000000080400000, 0x0000000080500400, 0x0000000100000000)
  region size 1024K, 56 young (57344K), 7 survivors (7168K)
 Metaspace       used 20627K, capacity 21090K, committed 21296K, reserved 1069056K
  class space    used 2235K, capacity 2381K, committed 2432K, reserved 1048576K
}

Deoptimization events (10 events):
Event: 3.534 Thread 0x00000182c5d4f000 Uncommon trap: reason=unstable_if action=reinterpret pc=0x00000182d9aa1c10 method=org.codehaus.plexus.util.xml.pull.MXParser.nextImpl()I @ 1161 c2
Event: 3.651 Thread 0x00000182c5d4f000 Uncommon trap: reason=class_check action=maybe_recompile pc=0x00000182d9a8b76c method=org.apache.maven.model.interpolation.StringSearchModelInterpolator$InterpolateObjectAction$MapField.doInterpolate(Ljava/lang/Object;Lorg/apache/maven/model/interpolation
Event: 3.880 Thread 0x00000182c5d4f000 Uncommon trap: reason=class_check action=maybe_recompile pc=0x00000182d9a8b76c method=org.apache.maven.model.interpolation.StringSearchModelInterpolator$InterpolateObjectAction$MapField.doInterpolate(Ljava/lang/Object;Lorg/apache/maven/model/interpolation
Event: 3.998 Thread 0x00000182c5d4f000 Uncommon trap: reason=bimorphic_or_optimized_type_check action=maybe_recompile pc=0x00000182d9a93a58 method=java.util.regex.Pattern$BmpCharPropertyGreedy.match(Ljava/util/regex/Matcher;ILjava/lang/CharSequence;)Z @ 26 c2
Event: 4.000 Thread 0x00000182c5d4f000 Uncommon trap: reason=bimorphic_or_optimized_type_check action=maybe_recompile pc=0x00000182d9a93a58 method=java.util.regex.Pattern$BmpCharPropertyGreedy.match(Ljava/util/regex/Matcher;ILjava/lang/CharSequence;)Z @ 26 c2
Event: 4.047 Thread 0x00000182c5d4f000 Uncommon trap: reason=array_check action=maybe_recompile pc=0x00000182d9aa7394 method=java.util.AbstractCollection.toArray([Ljava/lang/Object;)[Ljava/lang/Object; @ 116 c2
Event: 4.047 Thread 0x00000182c5d4f000 Uncommon trap: reason=array_check action=maybe_recompile pc=0x00000182d9aa7394 method=java.util.AbstractCollection.toArray([Ljava/lang/Object;)[Ljava/lang/Object; @ 116 c2
Event: 4.047 Thread 0x00000182c5d4f000 Uncommon trap: reason=array_check action=maybe_recompile pc=0x00000182d9aa7394 method=java.util.AbstractCollection.toArray([Ljava/lang/Object;)[Ljava/lang/Object; @ 116 c2
Event: 4.047 Thread 0x00000182c5d4f000 Uncommon trap: reason=array_check action=maybe_recompile pc=0x00000182d9aa7394 method=java.util.AbstractCollection.toArray([Ljava/lang/Object;)[Ljava/lang/Object; @ 116 c2
Event: 4.177 Thread 0x00000182c5d4f000 Uncommon trap: reason=unstable_if action=reinterpret pc=0x00000182d9a5fc14 method=sun.net.www.protocol.jar.Handler.parseURL(Ljava/net/URL;Ljava/lang/String;II)V @ 94 c2

Classes redefined (0 events):
No events

Internal exceptions (10 events):
Event: 0.400 Thread 0x00000182c5d4f000 Exception <a 'java/lang/NoSuchMethodError'{0x00000000880eda68}: java.lang.Object.lambda$negate$3(I)Z> (0x00000000880eda68) thrown at [c:/workspace/9-2-build-windows-amd64-cygwin-phase2/jdk9/6725/hotspot/src/share/vm/interpreter/linkResolver.cpp, line 731]
Event: 0.634 Thread 0x00000182c5d4f000 Exception <a 'java/lang/NoSuchMethodError'{0x0000000087b5c8e0}: java.lang.Object.lambda$union$1(Ljava/util/regex/Pattern$CharPredicate;I)Z> (0x0000000087b5c8e0) thrown at [c:/workspace/9-2-build-windows-amd64-cygwin-phase2/jdk9/6725/hotspot/src/share/vm/i
Event: 1.055 Thread 0x00000182c5d4f000 Exception <a 'java/lang/NoSuchMethodError'{0x0000000087e3dc98}: java.lang.invoke.DirectMethodHandle$Holder.invokeInterface(Ljava/lang/Object;Ljava/lang/Object;Ljava/lang/Object;)I> (0x0000000087e3dc98) thrown at [c:/workspace/9-2-build-windows-amd64-cygwi
Event: 1.059 Thread 0x00000182c5d4f000 Exception <a 'java/lang/NoSuchMethodError'{0x0000000087e49298}: java.lang.invoke.DirectMethodHandle$Holder.invokeStatic(Ljava/lang/Object;Ljava/lang/Object;)I> (0x0000000087e49298) thrown at [c:/workspace/9-2-build-windows-amd64-cygwin-phase2/jdk9/6725/ho
Event: 1.062 Thread 0x00000182c5d4f000 Exception <a 'java/lang/NoSuchMethodError'{0x0000000087e56040}: java.lang.Object.of([Ljava/lang/Object;)Ljava/util/stream/Stream;> (0x0000000087e56040) thrown at [c:/workspace/9-2-build-windows-amd64-cygwin-phase2/jdk9/6725/hotspot/src/share/vm/interprete
Event: 2.298 Thread 0x00000182c5d4f000 Exception <a 'java/lang/NoClassDefFoundError'{0x00000000865d6bd0}: com/google/inject/servlet/ServletModuleTargetVisitor> (0x00000000865d6bd0) thrown at [c:/workspace/9-2-build-windows-amd64-cygwin-phase2/jdk9/6725/hotspot/src/share/vm/classfile/systemDict
Event: 2.298 Thread 0x00000182c5d4f000 Exception <a 'java/lang/NoClassDefFoundError'{0x00000000865d6bd0}> (0x00000000865d6bd0) thrown at [c:/workspace/9-2-build-windows-amd64-cygwin-phase2/jdk9/6725/hotspot/src/share/vm/prims/jvm.cpp, line 1314]
Event: 2.298 Thread 0x00000182c5d4f000 Exception <a 'java/lang/NoClassDefFoundError'{0x00000000865db6a0}: javax/annotation/Priority> (0x00000000865db6a0) thrown at [c:/workspace/9-2-build-windows-amd64-cygwin-phase2/jdk9/6725/hotspot/src/share/vm/classfile/systemDictionary.cpp, line 207]
Event: 2.401 Thread 0x00000182c5d4f000 Exception <a 'java/lang/NoSuchMethodError'{0x00000000863d8820}: method resolution failed> (0x00000000863d8820) thrown at [c:/workspace/9-2-build-windows-amd64-cygwin-phase2/jdk9/6725/hotspot/src/share/vm/prims/methodHandles.cpp, line 1256]
Event: 2.402 Thread 0x00000182c5d4f000 Exception <a 'java/lang/NoSuchMethodError'{0x00000000863dc7b8}: java.lang.invoke.DirectMethodHandle$Holder.invokeStaticInit(Ljava/lang/Object;IIII)Ljava/lang/Object;> (0x00000000863dc7b8) thrown at [c:/workspace/9-2-build-windows-amd64-cygwin-phase2/jdk9/

Events (10 events):
Event: 4.443 loading class org/sonatype/nexus/client/internal/rest/AbstractNexusClient done
Event: 4.444 loading class javax/inject/Inject
Event: 4.444 loading class javax/inject/Inject done
Event: 4.444 loading class javax/inject/Inject
Event: 4.444 loading class javax/inject/Inject done
Event: 4.444 loading class sun/reflect/generics/tree/BottomSignature
Event: 4.444 loading class sun/reflect/generics/tree/BottomSignature done
Event: 4.445 loading class sun/reflect/generics/tree/Wildcard
Event: 4.445 loading class sun/reflect/generics/tree/Wildcard done
Event: 4.445 Executing VM operation: CollectForMetadataAllocation


Dynamic libraries:
0x00007ff6dc6b0000 - 0x00007ff6dc6ee000 	C:\Program Files\Java\jdk-9\bin\java.exe
0x00007ff862a30000 - 0x00007ff862c11000 	C:\Windows\SYSTEM32\ntdll.dll
0x00007ff860200000 - 0x00007ff8602b2000 	C:\Windows\System32\KERNEL32.DLL
0x00007ff85f410000 - 0x00007ff85f683000 	C:\Windows\System32\KERNELBASE.dll
0x00007ff85fec0000 - 0x00007ff85ff61000 	C:\Windows\System32\ADVAPI32.dll
0x00007ff860830000 - 0x00007ff8608ce000 	C:\Windows\System32\msvcrt.dll
0x00007ff8608d0000 - 0x00007ff86092b000 	C:\Windows\System32\sechost.dll
0x00007ff860d90000 - 0x00007ff860eb4000 	C:\Windows\System32\RPCRT4.dll
0x00007ff85ff90000 - 0x00007ff860120000 	C:\Windows\System32\USER32.dll
0x00007ff85fea0000 - 0x00007ff85fec0000 	C:\Windows\System32\win32u.dll
0x00007ff862840000 - 0x00007ff862868000 	C:\Windows\System32\GDI32.dll
0x00007ff85eff0000 - 0x00007ff85f182000 	C:\Windows\System32\gdi32full.dll
0x00007ff85fda0000 - 0x00007ff85fe3f000 	C:\Windows\System32\msvcp_win.dll
0x00007ff85f290000 - 0x00007ff85f38a000 	C:\Windows\System32\ucrtbase.dll
0x00007ff858000000 - 0x00007ff858269000 	C:\Windows\WinSxS\amd64_microsoft.windows.common-controls_6595b64144ccf1df_6.0.17134.523_none_fb409dd930672a56\COMCTL32.dll
0x00007ff862460000 - 0x00007ff862782000 	C:\Windows\System32\combase.dll
0x00007ff858930000 - 0x00007ff85893a000 	C:\Windows\SYSTEM32\VERSION.dll
0x00007ff85f390000 - 0x00007ff85f40a000 	C:\Windows\System32\bcryptPrimitives.dll
0x00007ff862870000 - 0x00007ff86289d000 	C:\Windows\System32\IMM32.DLL
0x00007ff83a2b0000 - 0x00007ff83a39f000 	C:\Program Files\Java\jdk-9\bin\msvcr120.dll
0x00007ff839590000 - 0x00007ff839636000 	C:\Program Files\Java\jdk-9\bin\msvcp120.dll
0x000000005ef30000 - 0x000000005f95a000 	C:\Program Files\Java\jdk-9\bin\server\jvm.dll
0x00007ff860120000 - 0x00007ff860128000 	C:\Windows\System32\PSAPI.DLL
0x00007ff85d5a0000 - 0x00007ff85d5a9000 	C:\Windows\SYSTEM32\WSOCK32.dll
0x00007ff85c750000 - 0x00007ff85c773000 	C:\Windows\SYSTEM32\WINMM.dll
0x00007ff8623f0000 - 0x00007ff86245c000 	C:\Windows\System32\WS2_32.dll
0x00007ff85c720000 - 0x00007ff85c74a000 	C:\Windows\SYSTEM32\winmmbase.dll
0x00007ff85f190000 - 0x00007ff85f1d9000 	C:\Windows\System32\cfgmgr32.dll
0x00007ff859700000 - 0x00007ff85970f000 	C:\Program Files\Java\jdk-9\bin\verify.dll
0x00007ff857720000 - 0x00007ff857747000 	C:\Program Files\Java\jdk-9\bin\java.dll
0x00007ff857700000 - 0x00007ff857716000 	C:\Program Files\Java\jdk-9\bin\zip.dll
0x00007ff858950000 - 0x00007ff85895a000 	C:\Program Files\Java\jdk-9\bin\jimage.dll
0x00007ff860f30000 - 0x00007ff862370000 	C:\Windows\System32\SHELL32.dll
0x00007ff862790000 - 0x00007ff862839000 	C:\Windows\System32\shcore.dll
0x00007ff85f690000 - 0x00007ff85fd9d000 	C:\Windows\System32\windows.storage.dll
0x00007ff860ed0000 - 0x00007ff860f21000 	C:\Windows\System32\shlwapi.dll
0x00007ff85ed60000 - 0x00007ff85ed71000 	C:\Windows\System32\kernel.appcore.dll
0x00007ff85ed90000 - 0x00007ff85edaf000 	C:\Windows\System32\profapi.dll
0x00007ff85edb0000 - 0x00007ff85edfc000 	C:\Windows\System32\powrprof.dll
0x00007ff85ed80000 - 0x00007ff85ed8a000 	C:\Windows\System32\FLTLIB.DLL
0x00007ff8576e0000 - 0x00007ff8576fa000 	C:\Program Files\Java\jdk-9\bin\net.dll
0x00007ff85a980000 - 0x00007ff85aa5d000 	C:\Windows\SYSTEM32\WINHTTP.dll
0x00007ff85e260000 - 0x00007ff85e2c6000 	C:\Windows\system32\mswsock.dll
0x00007ff854810000 - 0x00007ff854821000 	C:\Program Files\Java\jdk-9\bin\nio.dll
0x00007ff85d590000 - 0x00007ff85d59a000 	C:\Program Files\Maven\apache-maven-3.5.4\lib\jansi-native\windows64\jansi.dll
0x00007ff85e700000 - 0x00007ff85e8c9000 	C:\Windows\SYSTEM32\dbghelp.dll

VM Arguments:
jvm_args: -Dclassworlds.conf=C:\Program Files\Maven\apache-maven-3.5.4\bin\..\bin\m2.conf -Dmaven.home=C:\Program Files\Maven\apache-maven-3.5.4\bin\.. -Dlibrary.jansi.path=C:\Program Files\Maven\apache-maven-3.5.4\bin\..\lib\jansi-native -Dmaven.multiModuleProjectDirectory=D:\git\workhard 
java_command: org.codehaus.plexus.classworlds.launcher.Launcher -e deploy
java_class_path (initial): C:\Program Files\Maven\apache-maven-3.5.4\bin\..\boot\plexus-classworlds-2.5.2.jar
Launcher Type: SUN_STANDARD

Logging:
Log output configuration:
#0: stdout all=warning uptime,level,tags
#1: stderr all=off uptime,level,tags

Environment Variables:
JAVA_HOME=C:\Program Files\Java\jdk-9
PATH=C:\ProgramData\Oracle\Java\javapath;C:\Windows\system32;C:\Windows;C:\Windows\System32\Wbem;C:\Windows\System32\WindowsPowerShell\v1.0\;C:\Windows\System32\OpenSSH\;C:\Program Files\Git\cmd;C:\Program Files\Java\jdk-9\bin;C:\gradle-4.10.2\bin;C:\Program Files\Java\play-1.5.0;C:\Program Files\Java\jdk-9\bin;C:\Users\Alexander\AppData\Local\Microsoft\WindowsApps;C:\Program Files\Maven\apache-maven-3.5.4\bin;C:\Users\Alexander\AppData\Local\atom\bin;C:\Users\Alexander\AppData\Local\GitHubDesktop\bin
USERNAME=Alexander
OS=Windows_NT
PROCESSOR_IDENTIFIER=Intel64 Family 6 Model 42 Stepping 7, GenuineIntel



---------------  S Y S T E M  ---------------

OS: Windows 10 , 64 bit Build 17134 (10.0.17134.1)

CPU:total 4 (initial active 4) (2 cores per cpu, 2 threads per core) family 6 model 42 stepping 7, cmov, cx8, fxsr, mmx, sse, sse2, sse3, ssse3, sse4.1, sse4.2, popcnt, avx, aes, clmul, ht, tsc, tscinvbit

Memory: 4k page, physical 8367668k(2674620k free), swap 11644468k(1705788k free)

vm_info: Java HotSpot(TM) 64-Bit Server VM (9+181) for windows-amd64 JRE (9+181), built on Aug  2 2017 21:30:51 by "javare" with MS VC++ 12.0 (VS2013)

END.
